<?xml version="1.0" encoding="UTF-8"?>
<testsuite name="ynov.eval.core.StarterApplicationTests" tests="1" skipped="0" failures="0" errors="0" timestamp="2023-04-27T13:50:57" hostname="MacBook-Pro-de-romain.local" time="0.23">
  <properties/>
  <testcase name="contextLoads()" classname="ynov.eval.core.StarterApplicationTests" time="0.23"/>
  <system-out><![CDATA[15:50:49.331 [Test worker] DEBUG org.springframework.test.context.BootstrapUtils - Instantiating CacheAwareContextLoaderDelegate from class [org.springframework.test.context.cache.DefaultCacheAwareContextLoaderDelegate]
15:50:49.342 [Test worker] DEBUG org.springframework.test.context.BootstrapUtils - Instantiating BootstrapContext using constructor [public org.springframework.test.context.support.DefaultBootstrapContext(java.lang.Class,org.springframework.test.context.CacheAwareContextLoaderDelegate)]
15:50:49.390 [Test worker] DEBUG org.springframework.test.context.BootstrapUtils - Instantiating TestContextBootstrapper for test class [ynov.eval.core.StarterApplicationTests] from class [org.springframework.boot.test.context.SpringBootTestContextBootstrapper]
15:50:49.401 [Test worker] INFO org.springframework.boot.test.context.SpringBootTestContextBootstrapper - Neither @ContextConfiguration nor @ContextHierarchy found for test class [ynov.eval.core.StarterApplicationTests], using SpringBootContextLoader
15:50:49.405 [Test worker] DEBUG org.springframework.test.context.support.AbstractContextLoader - Did not detect default resource location for test class [ynov.eval.core.StarterApplicationTests]: class path resource [ynov/eval/core/StarterApplicationTests-context.xml] does not exist
15:50:49.406 [Test worker] DEBUG org.springframework.test.context.support.AbstractContextLoader - Did not detect default resource location for test class [ynov.eval.core.StarterApplicationTests]: class path resource [ynov/eval/core/StarterApplicationTestsContext.groovy] does not exist
15:50:49.406 [Test worker] INFO org.springframework.test.context.support.AbstractContextLoader - Could not detect default resource locations for test class [ynov.eval.core.StarterApplicationTests]: no resource found for suffixes {-context.xml, Context.groovy}.
15:50:49.406 [Test worker] INFO org.springframework.test.context.support.AnnotationConfigContextLoaderUtils - Could not detect default configuration classes for test class [ynov.eval.core.StarterApplicationTests]: StarterApplicationTests does not declare any static, non-private, non-final, nested classes annotated with @Configuration.
15:50:49.462 [Test worker] DEBUG org.springframework.test.context.support.ActiveProfilesUtils - Could not find an 'annotation declaring class' for annotation type [org.springframework.test.context.ActiveProfiles] and class [ynov.eval.core.StarterApplicationTests]
15:50:49.547 [Test worker] DEBUG org.springframework.context.annotation.ClassPathScanningCandidateComponentProvider - Identified candidate component class: file [/Users/romainbuisson/.jenkins/workspace/ynov-eval-core-api-java/build/classes/java/main/ynov/eval/core/StarterApplication.class]
15:50:49.551 [Test worker] INFO org.springframework.boot.test.context.SpringBootTestContextBootstrapper - Found @SpringBootConfiguration ynov.eval.core.StarterApplication for test class ynov.eval.core.StarterApplicationTests
15:50:49.631 [Test worker] DEBUG org.springframework.boot.test.context.SpringBootTestContextBootstrapper - @TestExecutionListeners is not present for class [ynov.eval.core.StarterApplicationTests]: using defaults.
15:50:49.632 [Test worker] INFO org.springframework.boot.test.context.SpringBootTestContextBootstrapper - Loaded default TestExecutionListener class names from location [META-INF/spring.factories]: [org.springframework.boot.test.autoconfigure.restdocs.RestDocsTestExecutionListener, org.springframework.boot.test.autoconfigure.web.client.MockRestServiceServerResetTestExecutionListener, org.springframework.boot.test.autoconfigure.web.servlet.MockMvcPrintOnlyOnFailureTestExecutionListener, org.springframework.boot.test.autoconfigure.web.servlet.WebDriverTestExecutionListener, org.springframework.boot.test.autoconfigure.webservices.client.MockWebServiceServerTestExecutionListener, org.springframework.boot.test.mock.mockito.MockitoTestExecutionListener, org.springframework.boot.test.mock.mockito.ResetMocksTestExecutionListener, org.springframework.test.context.web.ServletTestExecutionListener, org.springframework.test.context.support.DirtiesContextBeforeModesTestExecutionListener, org.springframework.test.context.event.ApplicationEventsTestExecutionListener, org.springframework.test.context.support.DependencyInjectionTestExecutionListener, org.springframework.test.context.support.DirtiesContextTestExecutionListener, org.springframework.test.context.transaction.TransactionalTestExecutionListener, org.springframework.test.context.jdbc.SqlScriptsTestExecutionListener, org.springframework.test.context.event.EventPublishingTestExecutionListener]
15:50:49.646 [Test worker] INFO org.springframework.boot.test.context.SpringBootTestContextBootstrapper - Using TestExecutionListeners: [org.springframework.test.context.web.ServletTestExecutionListener@3918c187, org.springframework.test.context.support.DirtiesContextBeforeModesTestExecutionListener@2c88b9fc, org.springframework.test.context.event.ApplicationEventsTestExecutionListener@64dafeed, org.springframework.boot.test.mock.mockito.MockitoTestExecutionListener@388ba540, org.springframework.boot.test.autoconfigure.SpringBootDependencyInjectionTestExecutionListener@47605f2f, org.springframework.test.context.support.DirtiesContextTestExecutionListener@2ece4966, org.springframework.test.context.transaction.TransactionalTestExecutionListener@1dd0e7c4, org.springframework.test.context.jdbc.SqlScriptsTestExecutionListener@7894f09b, org.springframework.test.context.event.EventPublishingTestExecutionListener@3d484181, org.springframework.boot.test.autoconfigure.restdocs.RestDocsTestExecutionListener@6111ba37, org.springframework.boot.test.autoconfigure.web.client.MockRestServiceServerResetTestExecutionListener@7be58f16, org.springframework.boot.test.autoconfigure.web.servlet.MockMvcPrintOnlyOnFailureTestExecutionListener@242aa8d9, org.springframework.boot.test.autoconfigure.web.servlet.WebDriverTestExecutionListener@5b11a194, org.springframework.boot.test.autoconfigure.webservices.client.MockWebServiceServerTestExecutionListener@37bd68c3, org.springframework.boot.test.mock.mockito.ResetMocksTestExecutionListener@60f7cc1d]
15:50:49.649 [Test worker] DEBUG org.springframework.test.context.support.AbstractDirtiesContextTestExecutionListener - Before test class: context [DefaultTestContext@4f2c9ba6 testClass = StarterApplicationTests, testInstance = [null], testMethod = [null], testException = [null], mergedContextConfiguration = [WebMergedContextConfiguration@4e28bdd1 testClass = StarterApplicationTests, locations = '{}', classes = '{class ynov.eval.core.StarterApplication}', contextInitializerClasses = '[]', activeProfiles = '{}', propertySourceLocations = '{}', propertySourceProperties = '{org.springframework.boot.test.context.SpringBootTestContextBootstrapper=true}', contextCustomizers = set[org.springframework.boot.test.autoconfigure.actuate.metrics.MetricsExportContextCustomizerFactory$DisableMetricExportContextCustomizer@1984b1f, org.springframework.boot.test.autoconfigure.properties.PropertyMappingContextCustomizer@0, org.springframework.boot.test.autoconfigure.web.servlet.WebDriverContextCustomizerFactory$Customizer@b4711e2, org.springframework.boot.test.context.filter.ExcludeFilterContextCustomizer@401f7633, org.springframework.boot.test.json.DuplicateJsonObjectContextCustomizerFactory$DuplicateJsonObjectContextCustomizer@2c78d320, org.springframework.boot.test.mock.mockito.MockitoContextCustomizer@0, org.springframework.boot.test.web.client.TestRestTemplateContextCustomizer@4716be8b, org.springframework.boot.test.context.SpringBootTestArgs@1, org.springframework.boot.test.context.SpringBootTestWebEnvironment@68e5eea7], resourceBasePath = 'src/main/webapp', contextLoader = 'org.springframework.boot.test.context.SpringBootContextLoader', parent = [null]], attributes = map['org.springframework.test.context.web.ServletTestExecutionListener.activateListener' -> true]], class annotated with @DirtiesContext [false] with mode [null].

  .   ____          _            __ _ _
 /\\ / ___'_ __ _ _(_)_ __  __ _ \ \ \ \
( ( )\___ | '_ | '_| | '_ \/ _` | \ \ \ \
 \\/  ___)| |_)| | | | | || (_| |  ) ) ) )
  '  |____| .__|_| |_|_| |_\__, | / / / /
 =========|_|==============|___/=/_/_/_/
 :: Spring Boot ::                (v2.7.3)

2023-04-27 15:50:50.318  INFO 16382 --- [    Test worker] ynov.eval.core.StarterApplicationTests   : Starting StarterApplicationTests using Java 17.0.2 on MacBook-Pro-de-romain.local with PID 16382 (started by romainbuisson in /Users/romainbuisson/.jenkins/workspace/ynov-eval-core-api-java)
2023-04-27 15:50:50.320  INFO 16382 --- [    Test worker] ynov.eval.core.StarterApplicationTests   : No active profile set, falling back to 1 default profile: "default"
2023-04-27 15:50:51.651  INFO 16382 --- [    Test worker] .s.d.r.c.RepositoryConfigurationDelegate : Bootstrapping Spring Data JPA repositories in DEFAULT mode.
2023-04-27 15:50:51.794  INFO 16382 --- [    Test worker] .s.d.r.c.RepositoryConfigurationDelegate : Finished Spring Data repository scanning in 135 ms. Found 1 JPA repository interfaces.
2023-04-27 15:50:52.663  INFO 16382 --- [    Test worker] com.zaxxer.hikari.HikariDataSource       : HikariPool-1 - Starting...
2023-04-27 15:50:52.829  INFO 16382 --- [    Test worker] com.zaxxer.hikari.HikariDataSource       : HikariPool-1 - Start completed.
2023-04-27 15:50:52.953  INFO 16382 --- [    Test worker] o.hibernate.jpa.internal.util.LogHelper  : HHH000204: Processing PersistenceUnitInfo [name: default]
2023-04-27 15:50:52.992  INFO 16382 --- [    Test worker] org.hibernate.Version                    : HHH000412: Hibernate ORM core version 5.6.10.Final
2023-04-27 15:50:53.200  INFO 16382 --- [    Test worker] o.hibernate.annotations.common.Version   : HCANN000001: Hibernate Commons Annotations {5.1.2.Final}
2023-04-27 15:50:53.301  INFO 16382 --- [    Test worker] org.hibernate.dialect.Dialect            : HHH000400: Using dialect: org.hibernate.dialect.H2Dialect
2023-04-27 15:50:53.763  INFO 16382 --- [    Test worker] o.h.e.t.j.p.i.JtaPlatformInitiator       : HHH000490: Using JtaPlatform implementation: [org.hibernate.engine.transaction.jta.platform.internal.NoJtaPlatform]
2023-04-27 15:50:53.769  INFO 16382 --- [    Test worker] j.LocalContainerEntityManagerFactoryBean : Initialized JPA EntityManagerFactory for persistence unit 'default'
2023-04-27 15:50:55.026  WARN 16382 --- [    Test worker] JpaBaseConfiguration$JpaWebConfiguration : spring.jpa.open-in-view is enabled by default. Therefore, database queries may be performed during view rendering. Explicitly configure spring.jpa.open-in-view to disable this warning
2023-04-27 15:50:57.857  INFO 16382 --- [    Test worker] ynov.eval.core.StarterApplicationTests   : Started StarterApplicationTests in 8.146 seconds (JVM running for 9.544)
]]></system-out>
  <system-err><![CDATA[]]></system-err>
</testsuite>
